2018-11-21 22:25:21,024 INFO (StartupInfoLogger.java:50)- Starting UserControllerTest on MS-20171216IFOZ with PID 6612 (started by Administrator in D:\IdeaProjects\spring-boot-mongo)
2018-11-21 22:25:21,035 DEBUG (StartupInfoLogger.java:53)- Running with Spring Boot v2.0.4.RELEASE, Spring v5.0.8.RELEASE
2018-11-21 22:25:21,042 INFO (SpringApplication.java:662)- No active profile set, falling back to default profiles: default
2018-11-21 22:25:25,589 INFO (DataSourceConfigurer.java:31)- -------- masterDataSource init ---------------------
2018-11-21 22:25:26,004 INFO (DataSourceConfigurer.java:44)- -------------------- slave1DataSource init ---------------------
2018-11-21 22:25:26,063 INFO (DataSourceConfigurer.java:52)- -------------------- slave2DataSource init ---------------------
2018-11-21 22:25:27,501 INFO (DynamicDataSourceRouter.java:23)- DynamicDataSourceContextHolder.getDataSourceType > {}master
2018-11-21 22:25:30,941 INFO (DynamicDataSourceRouter.java:23)- DynamicDataSourceContextHolder.getDataSourceType > {}master
2018-11-21 22:26:58,051 INFO (StartupInfoLogger.java:50)- Starting UserControllerTest on MS-20171216IFOZ with PID 2380 (started by Administrator in D:\IdeaProjects\spring-boot-mongo)
2018-11-21 22:26:58,085 DEBUG (StartupInfoLogger.java:53)- Running with Spring Boot v2.0.4.RELEASE, Spring v5.0.8.RELEASE
2018-11-21 22:26:58,089 INFO (SpringApplication.java:662)- No active profile set, falling back to default profiles: default
2018-11-21 22:27:02,548 INFO (DataSourceConfigurer.java:31)- -------- masterDataSource init ---------------------
2018-11-21 22:27:02,962 INFO (DataSourceConfigurer.java:44)- -------------------- slave1DataSource init ---------------------
2018-11-21 22:27:03,010 INFO (DataSourceConfigurer.java:52)- -------------------- slave2DataSource init ---------------------
2018-11-21 22:27:03,859 INFO (DynamicDataSourceRouter.java:23)- DynamicDataSourceContextHolder.getDataSourceType > {}master
2018-11-21 22:27:05,922 INFO (DynamicDataSourceRouter.java:23)- DynamicDataSourceContextHolder.getDataSourceType > {}master
2018-11-21 22:27:06,075 INFO (DataSourceConfigurer.java:65)- -------------------- mybatisDataSource init ---------------------
2018-11-21 22:27:08,652 INFO (RedisConfig.java:75)- database:0 host:132.232.182.241 port:6379 password:123456 max_idle:8 min_idle:0 max_active:8 timeout:5000 
2018-11-21 22:27:09,345 INFO (RedisConfig.java:88)- 初始化 -> [CacheManager RedisCacheManager Start]
2018-11-21 22:27:09,378 INFO (SpringBootMongoApplication.java:28)- ------设置文件大小-----
2018-11-21 22:27:09,385 INFO (SpringBootMongoApplication.java:40)- 事务管理器:{}org.springframework.orm.jpa.JpaTransactionManager
2018-11-21 22:27:12,567 INFO (StartupInfoLogger.java:59)- Started UserControllerTest in 16.18 seconds (JVM running for 18.337)
2018-11-21 22:32:23,428 INFO (StartupInfoLogger.java:50)- Starting UserControllerTest on MS-20171216IFOZ with PID 6876 (started by Administrator in D:\IdeaProjects\spring-boot-mongo)
2018-11-21 22:32:23,429 DEBUG (StartupInfoLogger.java:53)- Running with Spring Boot v2.0.4.RELEASE, Spring v5.0.8.RELEASE
2018-11-21 22:32:23,433 INFO (SpringApplication.java:662)- No active profile set, falling back to default profiles: default
2018-11-21 22:32:27,036 INFO (DataSourceConfigurer.java:31)- -------- masterDataSource init ---------------------
2018-11-21 22:32:27,414 INFO (DataSourceConfigurer.java:44)- -------------------- slave1DataSource init ---------------------
2018-11-21 22:32:27,455 INFO (DataSourceConfigurer.java:52)- -------------------- slave2DataSource init ---------------------
2018-11-21 22:32:28,310 INFO (DynamicDataSourceRouter.java:23)- DynamicDataSourceContextHolder.getDataSourceType > {}master
2018-11-21 22:32:30,285 INFO (DynamicDataSourceRouter.java:23)- DynamicDataSourceContextHolder.getDataSourceType > {}master
2018-11-21 22:32:30,406 INFO (DataSourceConfigurer.java:65)- -------------------- mybatisDataSource init ---------------------
2018-11-21 22:32:32,663 INFO (RedisConfig.java:75)- database:0 host:132.232.182.241 port:6379 password:123456 max_idle:8 min_idle:0 max_active:8 timeout:5000 
2018-11-21 22:32:33,177 INFO (RedisConfig.java:88)- 初始化 -> [CacheManager RedisCacheManager Start]
2018-11-21 22:32:33,206 INFO (SpringBootMongoApplication.java:28)- ------设置文件大小-----
2018-11-21 22:32:33,213 INFO (SpringBootMongoApplication.java:40)- 事务管理器:{}org.springframework.orm.jpa.JpaTransactionManager
2018-11-21 22:32:35,935 INFO (StartupInfoLogger.java:59)- Started UserControllerTest in 13.66 seconds (JVM running for 15.623)
2018-11-21 22:40:38,022 INFO (StartupInfoLogger.java:50)- Starting UserControllerTest on MS-20171216IFOZ with PID 6980 (started by Administrator in D:\IdeaProjects\spring-boot-mongo)
2018-11-21 22:40:38,023 DEBUG (StartupInfoLogger.java:53)- Running with Spring Boot v2.0.4.RELEASE, Spring v5.0.8.RELEASE
2018-11-21 22:40:38,026 INFO (SpringApplication.java:662)- No active profile set, falling back to default profiles: default
2018-11-21 22:40:41,119 INFO (DataSourceConfigurer.java:31)- -------- masterDataSource init ---------------------
2018-11-21 22:40:41,477 INFO (DataSourceConfigurer.java:44)- -------------------- slave1DataSource init ---------------------
2018-11-21 22:40:41,516 INFO (DataSourceConfigurer.java:52)- -------------------- slave2DataSource init ---------------------
2018-11-21 22:40:42,349 INFO (DynamicDataSourceRouter.java:23)- DynamicDataSourceContextHolder.getDataSourceType > {}master
2018-11-21 22:40:44,480 INFO (DynamicDataSourceRouter.java:23)- DynamicDataSourceContextHolder.getDataSourceType > {}master
2018-11-21 22:40:44,628 INFO (DataSourceConfigurer.java:65)- -------------------- mybatisDataSource init ---------------------
2018-11-21 22:40:46,856 INFO (RedisConfig.java:75)- database:0 host:132.232.182.241 port:6379 password:123456 max_idle:8 min_idle:0 max_active:8 timeout:5000 
2018-11-21 22:40:47,373 INFO (RedisConfig.java:88)- 初始化 -> [CacheManager RedisCacheManager Start]
2018-11-21 22:40:47,401 INFO (SpringBootMongoApplication.java:28)- ------设置文件大小-----
2018-11-21 22:40:47,409 INFO (SpringBootMongoApplication.java:40)- 事务管理器:{}org.springframework.orm.jpa.JpaTransactionManager
2018-11-21 22:40:50,144 INFO (StartupInfoLogger.java:59)- Started UserControllerTest in 13.282 seconds (JVM running for 15.43)
2018-11-21 22:47:31,196 INFO (StartupInfoLogger.java:50)- Starting UserControllerTest on MS-20171216IFOZ with PID 6328 (started by Administrator in D:\IdeaProjects\spring-boot-mongo)
2018-11-21 22:47:31,197 DEBUG (StartupInfoLogger.java:53)- Running with Spring Boot v2.0.4.RELEASE, Spring v5.0.8.RELEASE
2018-11-21 22:47:31,200 INFO (SpringApplication.java:662)- No active profile set, falling back to default profiles: default
2018-11-21 22:47:34,582 INFO (DataSourceConfigurer.java:31)- -------- masterDataSource init ---------------------
2018-11-21 22:47:35,031 INFO (DataSourceConfigurer.java:44)- -------------------- slave1DataSource init ---------------------
2018-11-21 22:47:35,076 INFO (DataSourceConfigurer.java:52)- -------------------- slave2DataSource init ---------------------
2018-11-21 22:47:36,083 INFO (DynamicDataSourceRouter.java:23)- DynamicDataSourceContextHolder.getDataSourceType > {}master
2018-11-21 22:47:38,466 INFO (DynamicDataSourceRouter.java:23)- DynamicDataSourceContextHolder.getDataSourceType > {}master
2018-11-21 22:47:38,606 INFO (DataSourceConfigurer.java:65)- -------------------- mybatisDataSource init ---------------------
2018-11-21 22:47:41,100 INFO (RedisConfig.java:75)- database:0 host:132.232.182.241 port:6379 password:123456 max_idle:8 min_idle:0 max_active:8 timeout:5000 
2018-11-21 22:47:41,726 INFO (RedisConfig.java:88)- 初始化 -> [CacheManager RedisCacheManager Start]
2018-11-21 22:47:41,761 INFO (SpringBootMongoApplication.java:28)- ------设置文件大小-----
2018-11-21 22:47:41,773 INFO (SpringBootMongoApplication.java:40)- 事务管理器:{}org.springframework.orm.jpa.JpaTransactionManager
2018-11-21 22:47:45,022 INFO (StartupInfoLogger.java:59)- Started UserControllerTest in 15.133 seconds (JVM running for 17.626)
2018-11-21 22:47:45,619 INFO (UploadFileController.java:61)- controller test................阿凡达1
2018-11-21 22:51:37,925 INFO (StartupInfoLogger.java:50)- Starting UserControllerTest on MS-20171216IFOZ with PID 4960 (started by Administrator in D:\IdeaProjects\spring-boot-mongo)
2018-11-21 22:51:37,925 DEBUG (StartupInfoLogger.java:53)- Running with Spring Boot v2.0.4.RELEASE, Spring v5.0.8.RELEASE
2018-11-21 22:51:37,928 INFO (SpringApplication.java:662)- No active profile set, falling back to default profiles: default
2018-11-21 22:51:41,449 INFO (DataSourceConfigurer.java:31)- -------- masterDataSource init ---------------------
2018-11-21 22:51:41,937 INFO (DataSourceConfigurer.java:44)- -------------------- slave1DataSource init ---------------------
2018-11-21 22:51:41,986 INFO (DataSourceConfigurer.java:52)- -------------------- slave2DataSource init ---------------------
2018-11-21 22:51:43,144 INFO (DynamicDataSourceRouter.java:23)- DynamicDataSourceContextHolder.getDataSourceType > {}master
2018-11-21 22:51:45,576 INFO (DynamicDataSourceRouter.java:23)- DynamicDataSourceContextHolder.getDataSourceType > {}master
2018-11-21 22:51:45,741 INFO (DataSourceConfigurer.java:65)- -------------------- mybatisDataSource init ---------------------
2018-11-21 22:51:48,323 INFO (RedisConfig.java:75)- database:0 host:132.232.182.241 port:6379 password:123456 max_idle:8 min_idle:0 max_active:8 timeout:5000 
2018-11-21 22:51:49,044 INFO (RedisConfig.java:88)- 初始化 -> [CacheManager RedisCacheManager Start]
2018-11-21 22:51:49,084 INFO (SpringBootMongoApplication.java:28)- ------设置文件大小-----
2018-11-21 22:51:49,093 INFO (SpringBootMongoApplication.java:40)- 事务管理器:{}org.springframework.orm.jpa.JpaTransactionManager
2018-11-21 22:51:52,544 INFO (StartupInfoLogger.java:59)- Started UserControllerTest in 16.227 seconds (JVM running for 18.849)
2018-11-21 22:51:53,039 INFO (UploadFileController.java:63)- controller test................阿凡达1
2018-11-21 22:52:46,422 INFO (StartupInfoLogger.java:50)- Starting UserControllerTest on MS-20171216IFOZ with PID 5716 (started by Administrator in D:\IdeaProjects\spring-boot-mongo)
2018-11-21 22:52:46,427 DEBUG (StartupInfoLogger.java:53)- Running with Spring Boot v2.0.4.RELEASE, Spring v5.0.8.RELEASE
2018-11-21 22:52:46,431 INFO (SpringApplication.java:662)- No active profile set, falling back to default profiles: default
2018-11-21 22:52:50,630 INFO (DataSourceConfigurer.java:31)- -------- masterDataSource init ---------------------
2018-11-21 22:52:51,098 INFO (DataSourceConfigurer.java:44)- -------------------- slave1DataSource init ---------------------
2018-11-21 22:52:51,153 INFO (DataSourceConfigurer.java:52)- -------------------- slave2DataSource init ---------------------
2018-11-21 22:52:52,200 INFO (DynamicDataSourceRouter.java:23)- DynamicDataSourceContextHolder.getDataSourceType > {}master
2018-11-21 22:52:54,991 INFO (DynamicDataSourceRouter.java:23)- DynamicDataSourceContextHolder.getDataSourceType > {}master
2018-11-21 22:52:55,173 INFO (DataSourceConfigurer.java:65)- -------------------- mybatisDataSource init ---------------------
2018-11-21 22:52:57,849 INFO (RedisConfig.java:75)- database:0 host:132.232.182.241 port:6379 password:123456 max_idle:8 min_idle:0 max_active:8 timeout:5000 
2018-11-21 22:52:58,536 INFO (RedisConfig.java:88)- 初始化 -> [CacheManager RedisCacheManager Start]
2018-11-21 22:52:58,582 INFO (SpringBootMongoApplication.java:28)- ------设置文件大小-----
2018-11-21 22:52:58,591 INFO (SpringBootMongoApplication.java:40)- 事务管理器:{}org.springframework.orm.jpa.JpaTransactionManager
2018-11-21 22:53:02,110 INFO (StartupInfoLogger.java:59)- Started UserControllerTest in 17.184 seconds (JVM running for 19.619)
2018-11-21 22:53:02,663 INFO (UploadFileController.java:63)- controller test................阿凡达6
2018-11-21 23:02:35,894 INFO (StartupInfoLogger.java:50)- Starting UserControllerTest on MS-20171216IFOZ with PID 6744 (started by Administrator in D:\IdeaProjects\spring-boot-mongo)
2018-11-21 23:02:35,896 DEBUG (StartupInfoLogger.java:53)- Running with Spring Boot v2.0.4.RELEASE, Spring v5.0.8.RELEASE
2018-11-21 23:02:35,900 INFO (SpringApplication.java:662)- No active profile set, falling back to default profiles: default
2018-11-21 23:02:39,150 INFO (DataSourceConfigurer.java:31)- -------- masterDataSource init ---------------------
2018-11-21 23:02:39,558 INFO (DataSourceConfigurer.java:44)- -------------------- slave1DataSource init ---------------------
2018-11-21 23:02:39,609 INFO (DataSourceConfigurer.java:52)- -------------------- slave2DataSource init ---------------------
2018-11-21 23:02:40,478 INFO (DynamicDataSourceRouter.java:23)- DynamicDataSourceContextHolder.getDataSourceType > {}master
2018-11-21 23:02:42,600 INFO (DynamicDataSourceRouter.java:23)- DynamicDataSourceContextHolder.getDataSourceType > {}master
2018-11-21 23:02:42,786 INFO (DataSourceConfigurer.java:65)- -------------------- mybatisDataSource init ---------------------
2018-11-21 23:02:45,535 INFO (RedisConfig.java:75)- database:0 host:132.232.182.241 port:6379 password:123456 max_idle:8 min_idle:0 max_active:8 timeout:5000 
2018-11-21 23:02:46,366 INFO (RedisConfig.java:88)- 初始化 -> [CacheManager RedisCacheManager Start]
2018-11-21 23:02:46,405 INFO (SpringBootMongoApplication.java:28)- ------设置文件大小-----
2018-11-21 23:02:46,414 INFO (SpringBootMongoApplication.java:40)- 事务管理器:{}org.springframework.orm.jpa.JpaTransactionManager
2018-11-21 23:02:50,074 INFO (StartupInfoLogger.java:59)- Started UserControllerTest in 15.52 seconds (JVM running for 17.885)
2018-11-21 23:10:36,569 INFO (StartupInfoLogger.java:50)- Starting UserControllerTest on MS-20171216IFOZ with PID 7444 (started by Administrator in D:\IdeaProjects\spring-boot-mongo)
2018-11-21 23:10:36,570 DEBUG (StartupInfoLogger.java:53)- Running with Spring Boot v2.0.4.RELEASE, Spring v5.0.8.RELEASE
2018-11-21 23:10:36,573 INFO (SpringApplication.java:662)- No active profile set, falling back to default profiles: default
2018-11-21 23:10:39,693 INFO (DataSourceConfigurer.java:31)- -------- masterDataSource init ---------------------
2018-11-21 23:10:40,074 INFO (DataSourceConfigurer.java:44)- -------------------- slave1DataSource init ---------------------
2018-11-21 23:10:40,120 INFO (DataSourceConfigurer.java:52)- -------------------- slave2DataSource init ---------------------
2018-11-21 23:10:40,962 INFO (DynamicDataSourceRouter.java:23)- DynamicDataSourceContextHolder.getDataSourceType > {}master
2018-11-21 23:10:43,276 INFO (DynamicDataSourceRouter.java:23)- DynamicDataSourceContextHolder.getDataSourceType > {}master
2018-11-21 23:10:43,419 INFO (DataSourceConfigurer.java:65)- -------------------- mybatisDataSource init ---------------------
2018-11-21 23:10:45,670 INFO (RedisConfig.java:75)- database:0 host:132.232.182.241 port:6379 password:123456 max_idle:8 min_idle:0 max_active:8 timeout:5000 
2018-11-21 23:10:46,291 INFO (RedisConfig.java:88)- 初始化 -> [CacheManager RedisCacheManager Start]
2018-11-21 23:10:46,324 INFO (SpringBootMongoApplication.java:28)- ------设置文件大小-----
2018-11-21 23:10:46,332 INFO (SpringBootMongoApplication.java:40)- 事务管理器:{}org.springframework.orm.jpa.JpaTransactionManager
2018-11-21 23:10:49,566 INFO (StartupInfoLogger.java:59)- Started UserControllerTest in 14.137 seconds (JVM running for 16.405)
2018-11-21 23:15:27,392 INFO (StartupInfoLogger.java:50)- Starting SpringBootMongoApplication on MS-20171216IFOZ with PID 7744 (D:\IdeaProjects\spring-boot-mongo\target\classes started by Administrator in D:\IdeaProjects\spring-boot-mongo)
2018-11-21 23:15:27,392 DEBUG (StartupInfoLogger.java:53)- Running with Spring Boot v2.0.4.RELEASE, Spring v5.0.8.RELEASE
2018-11-21 23:15:27,394 INFO (SpringApplication.java:662)- No active profile set, falling back to default profiles: default
2018-11-21 23:15:30,285 INFO (SpringBootMongoApplication.java:28)- ------设置文件大小-----
2018-11-21 23:15:31,485 INFO (DataSourceConfigurer.java:31)- -------- masterDataSource init ---------------------
2018-11-21 23:15:31,705 INFO (DataSourceConfigurer.java:44)- -------------------- slave1DataSource init ---------------------
2018-11-21 23:15:31,747 INFO (DataSourceConfigurer.java:52)- -------------------- slave2DataSource init ---------------------
2018-11-21 23:15:32,345 INFO (DynamicDataSourceRouter.java:23)- DynamicDataSourceContextHolder.getDataSourceType > {}master
2018-11-21 23:15:33,838 INFO (DynamicDataSourceRouter.java:23)- DynamicDataSourceContextHolder.getDataSourceType > {}master
2018-11-21 23:15:33,974 INFO (DataSourceConfigurer.java:65)- -------------------- mybatisDataSource init ---------------------
2018-11-21 23:15:35,168 INFO (RedisConfig.java:75)- database:0 host:132.232.182.241 port:6379 password:123456 max_idle:8 min_idle:0 max_active:8 timeout:5000 
2018-11-21 23:15:35,824 INFO (RedisConfig.java:88)- 初始化 -> [CacheManager RedisCacheManager Start]
2018-11-21 23:15:35,848 INFO (SpringBootMongoApplication.java:40)- 事务管理器:{}org.springframework.orm.jpa.JpaTransactionManager
2018-11-21 23:15:38,440 INFO (StartupInfoLogger.java:59)- Started SpringBootMongoApplication in 11.876 seconds (JVM running for 14.055)
2018-11-21 23:15:38,448 INFO (SpringBootMongoApplication.java:23)- ------启动成功-----
2018-11-21 23:18:45,896 INFO (DynamicDataSourceAspect.java:26)- Use DataSource : {} > {}slave2
2018-11-21 23:18:45,902 INFO (DynamicDataSourceRouter.java:23)- DynamicDataSourceContextHolder.getDataSourceType > {}slave2
2018-11-21 23:18:46,118 INFO (UserServiceImpl.java:71)- form DB getUserPage pageOffset:{}1
2018-11-21 23:18:46,283 INFO (DynamicDataSourceAspect.java:38)- Use DataSource : {} > {}clear
